<?xml version="1.0" encoding="utf-8"?><testsuites name="pytest tests"><testsuite name="pytest" errors="0" failures="0" skipped="0" tests="16" time="7.398" timestamp="2026-05-07T06:52:55.639210+00:00" hostname="agent-env-b5d57ba1-e55f-4118-9e69-00dbe17d30e7"><testcase classname="backend.tests.test_admin_claim_api" name="test_admin_login_success" time="0.522" /><testcase classname="backend.tests.test_admin_claim_api" name="test_admin_login_wrong_password" time="0.360" /><testcase classname="backend.tests.test_admin_claim_api" name="test_admin_me_with_token" time="0.460" /><testcase classname="backend.tests.test_admin_claim_api" name="test_admin_me_without_token" time="0.113" /><testcase classname="backend.tests.test_admin_claim_api" name="test_admin_me_invalid_token" time="0.120" /><testcase classname="backend.tests.test_admin_claim_api" name="test_claim_support_create_valid" time="0.104" /><testcase classname="backend.tests.test_admin_claim_api" name="test_claim_support_invalid_email" time="0.111" /><testcase classname="backend.tests.test_admin_claim_api" name="test_admin_inquiries_requires_auth" time="0.130" /><testcase classname="backend.tests.test_admin_claim_api" name="test_admin_uploads_requires_auth" time="0.104" /><testcase classname="backend.tests.test_admin_claim_api" name="test_admin_claims_requires_auth" time="0.104" /><testcase classname="backend.tests.test_admin_claim_api" name="test_admin_inquiries_list_with_filter" time="0.449" /><testcase classname="backend.tests.test_admin_claim_api" name="test_admin_inquiries_search_q" time="0.528" /><testcase classname="backend.tests.test_admin_claim_api" name="test_admin_stats" time="0.471" /><testcase classname="backend.tests.test_admin_claim_api" name="test_admin_patch_inquiry_flow" time="1.642" /><testcase classname="backend.tests.test_admin_claim_api" name="test_admin_patch_and_download_upload" time="1.081" /><testcase classname="backend.tests.test_admin_claim_api" name="test_admin_patch_claim_flow" time="1.007" /></testsuite></testsuites>