<?xml version="1.0" encoding="utf-8"?><testsuites name="pytest tests"><testsuite name="pytest" errors="0" failures="0" skipped="0" tests="25" time="10.818" timestamp="2026-05-07T07:24:59.051895+00:00" hostname="agent-env-b5d57ba1-e55f-4118-9e69-00dbe17d30e7"><testcase classname="backend.tests.test_admin_claim_api" name="test_admin_login_success" time="0.397" /><testcase classname="backend.tests.test_admin_claim_api" name="test_admin_login_wrong_password" time="0.358" /><testcase classname="backend.tests.test_admin_claim_api" name="test_admin_me_with_token" time="0.457" /><testcase classname="backend.tests.test_admin_claim_api" name="test_admin_me_without_token" time="0.102" /><testcase classname="backend.tests.test_admin_claim_api" name="test_admin_me_invalid_token" time="0.293" /><testcase classname="backend.tests.test_admin_claim_api" name="test_claim_support_create_valid" time="0.125" /><testcase classname="backend.tests.test_admin_claim_api" name="test_claim_support_invalid_email" time="0.126" /><testcase classname="backend.tests.test_admin_claim_api" name="test_admin_inquiries_requires_auth" time="0.137" /><testcase classname="backend.tests.test_admin_claim_api" name="test_admin_uploads_requires_auth" time="0.104" /><testcase classname="backend.tests.test_admin_claim_api" name="test_admin_claims_requires_auth" time="0.117" /><testcase classname="backend.tests.test_admin_claim_api" name="test_admin_inquiries_list_with_filter" time="0.452" /><testcase classname="backend.tests.test_admin_claim_api" name="test_admin_inquiries_search_q" time="0.445" /><testcase classname="backend.tests.test_admin_claim_api" name="test_admin_stats" time="0.486" /><testcase classname="backend.tests.test_admin_claim_api" name="test_admin_patch_inquiry_flow" time="1.484" /><testcase classname="backend.tests.test_admin_claim_api" name="test_admin_patch_and_download_upload" time="1.072" /><testcase classname="backend.tests.test_admin_claim_api" name="test_admin_patch_claim_flow" time="1.068" /><testcase classname="backend.tests.test_rightpolicy_api" name="test_health" time="0.110" /><testcase classname="backend.tests.test_rightpolicy_api" name="test_create_inquiry_valid_and_persistence" time="0.578" /><testcase classname="backend.tests.test_rightpolicy_api" name="test_create_inquiry_invalid_email" time="0.119" /><testcase classname="backend.tests.test_rightpolicy_api" name="test_create_inquiry_missing_phone" time="0.124" /><testcase classname="backend.tests.test_rightpolicy_api" name="test_list_inquiries_admin" time="0.454" /><testcase classname="backend.tests.test_rightpolicy_api" name="test_upload_policy_pdf_success" time="0.301" /><testcase classname="backend.tests.test_rightpolicy_api" name="test_upload_policy_rejects_exe" time="0.112" /><testcase classname="backend.tests.test_rightpolicy_api" name="test_upload_policy_rejects_oversized" time="1.262" /><testcase classname="backend.tests.test_rightpolicy_api" name="test_list_policy_uploads_admin" time="0.456" /></testsuite></testsuites>