<?xml version="1.0" encoding="utf-8"?><testsuites name="pytest tests"><testsuite name="pytest" errors="0" failures="0" skipped="0" tests="9" time="2.269" timestamp="2026-05-07T05:35:12.064909+00:00" hostname="agent-env-b5d57ba1-e55f-4118-9e69-00dbe17d30e7"><testcase classname="backend.tests.test_rightpolicy_api" name="test_health" time="0.281" /><testcase classname="backend.tests.test_rightpolicy_api" name="test_create_inquiry_valid_and_persistence" time="0.319" /><testcase classname="backend.tests.test_rightpolicy_api" name="test_create_inquiry_invalid_email" time="0.127" /><testcase classname="backend.tests.test_rightpolicy_api" name="test_create_inquiry_missing_phone" time="0.114" /><testcase classname="backend.tests.test_rightpolicy_api" name="test_list_inquiries" time="0.217" /><testcase classname="backend.tests.test_rightpolicy_api" name="test_upload_policy_pdf_success" time="0.165" /><testcase classname="backend.tests.test_rightpolicy_api" name="test_upload_policy_rejects_exe" time="0.113" /><testcase classname="backend.tests.test_rightpolicy_api" name="test_upload_policy_rejects_oversized" time="0.635" /><testcase classname="backend.tests.test_rightpolicy_api" name="test_list_policy_uploads" time="0.112" /></testsuite></testsuites>